<?xml version="1.0" encoding="UTF-8"?>
<!-- Generated by org.testng.reporters.JUnitXMLReporter -->
<testsuite ignored="0" hostname="LAPTOP-8OH1O088" failures="0" tests="3" name="Default test" time="3.033" errors="0" timestamp="2022-11-12T14:34:41 IST">
  <testcase classname="Files.DynamicJson" name="addBook" time="2.476"/>
  <testcase classname="Files.DynamicJson" name="addBook" time="0.272"/>
  <testcase classname="Files.DynamicJson" name="addBook" time="0.236"/>
</testsuite> <!-- Default test -->
