<?xml version="1.0" encoding="UTF-8"?>
<testng-results ignored="0" total="3" passed="3" failed="0" skipped="0">
  <reporter-output>
  </reporter-output>
  <suite started-at="2022-11-12T14:34:38 IST" name="Default suite" finished-at="2022-11-12T14:34:41 IST" duration-ms="3033">
    <groups>
    </groups>
    <test started-at="2022-11-12T14:34:38 IST" name="Default test" finished-at="2022-11-12T14:34:41 IST" duration-ms="3033">
      <class name="Files.DynamicJson">
        <test-method signature="addBook(java.lang.String,java.lang.String)[pri:0, instance:Files.DynamicJson@71def8f8]" started-at="2022-11-12T14:34:38 IST" name="addBook" data-provider="BooksData" finished-at="2022-11-12T14:34:41 IST" duration-ms="2476" status="PASS">
          <params>
            <param index="0">
              <value>
                <![CDATA[odjgbh]]>
              </value>
            </param>
            <param index="1">
              <value>
                <![CDATA[1234]]>
              </value>
            </param>
          </params>
          <reporter-output>
          </reporter-output>
        </test-method> <!-- addBook -->
        <test-method signature="addBook(java.lang.String,java.lang.String)[pri:0, instance:Files.DynamicJson@71def8f8]" started-at="2022-11-12T14:34:41 IST" name="addBook" data-provider="BooksData" finished-at="2022-11-12T14:34:41 IST" duration-ms="272" status="PASS">
          <params>
            <param index="0">
              <value>
                <![CDATA[dfwef]]>
              </value>
            </param>
            <param index="1">
              <value>
                <![CDATA[3424]]>
              </value>
            </param>
          </params>
          <reporter-output>
          </reporter-output>
        </test-method> <!-- addBook -->
        <test-method signature="addBook(java.lang.String,java.lang.String)[pri:0, instance:Files.DynamicJson@71def8f8]" started-at="2022-11-12T14:34:41 IST" name="addBook" data-provider="BooksData" finished-at="2022-11-12T14:34:41 IST" duration-ms="236" status="PASS">
          <params>
            <param index="0">
              <value>
                <![CDATA[wefwf]]>
              </value>
            </param>
            <param index="1">
              <value>
                <![CDATA[0858]]>
              </value>
            </param>
          </params>
          <reporter-output>
          </reporter-output>
        </test-method> <!-- addBook -->
      </class> <!-- Files.DynamicJson -->
    </test> <!-- Default test -->
  </suite> <!-- Default suite -->
</testng-results>
